2021/12/05 06:47:34 [notice] 1#1: signal 3 (SIGQUIT) received, shutting down
2021/12/05 06:47:34 [notice] 31#31: gracefully shutting down
2021/12/05 06:47:34 [notice] 32#32: gracefully shutting down
2021/12/05 06:47:34 [notice] 34#34: gracefully shutting down
2021/12/05 06:47:34 [notice] 35#35: gracefully shutting down
2021/12/05 06:47:34 [notice] 33#33: gracefully shutting down
2021/12/05 06:47:34 [notice] 31#31: exiting
2021/12/05 06:47:34 [notice] 32#32: exiting
2021/12/05 06:47:34 [notice] 34#34: exiting
2021/12/05 06:47:34 [notice] 35#35: exiting
2021/12/05 06:47:34 [notice] 38#38: gracefully shutting down
2021/12/05 06:47:34 [notice] 36#36: gracefully shutting down
2021/12/05 06:47:34 [notice] 33#33: exiting
2021/12/05 06:47:34 [notice] 31#31: exit
2021/12/05 06:47:34 [notice] 34#34: exit
2021/12/05 06:47:34 [notice] 32#32: exit
2021/12/05 06:47:34 [notice] 35#35: exit
2021/12/05 06:47:34 [notice] 38#38: exiting
2021/12/05 06:47:34 [notice] 36#36: exiting
2021/12/05 06:47:34 [notice] 33#33: exit
2021/12/05 06:47:34 [notice] 38#38: exit
2021/12/05 06:47:34 [notice] 36#36: exit
2021/12/05 06:47:34 [notice] 37#37: gracefully shutting down
2021/12/05 06:47:34 [notice] 37#37: exiting
2021/12/05 06:47:34 [notice] 37#37: exit
2021/12/05 06:47:34 [notice] 1#1: signal 17 (SIGCHLD) received from 35
2021/12/05 06:47:34 [notice] 1#1: worker process 32 exited with code 0
2021/12/05 06:47:34 [notice] 1#1: worker process 33 exited with code 0
2021/12/05 06:47:34 [notice] 1#1: worker process 34 exited with code 0
2021/12/05 06:47:34 [notice] 1#1: worker process 35 exited with code 0
2021/12/05 06:47:34 [notice] 1#1: worker process 36 exited with code 0
2021/12/05 06:47:34 [notice] 1#1: worker process 37 exited with code 0
2021/12/05 06:47:34 [notice] 1#1: signal 29 (SIGIO) received
2021/12/05 06:47:34 [notice] 1#1: signal 17 (SIGCHLD) received from 33
2021/12/05 06:47:34 [notice] 1#1: signal 17 (SIGCHLD) received from 38
2021/12/05 06:47:34 [notice] 1#1: worker process 38 exited with code 0
2021/12/05 06:47:34 [notice] 1#1: signal 29 (SIGIO) received
2021/12/05 06:47:34 [notice] 1#1: signal 17 (SIGCHLD) received from 31
2021/12/05 06:47:34 [notice] 1#1: worker process 31 exited with code 0
2021/12/05 06:47:34 [notice] 1#1: exit
2021/12/05 06:48:26 [notice] 1#1: using the "epoll" event method
2021/12/05 06:48:26 [notice] 1#1: nginx/1.21.4
2021/12/05 06:48:26 [notice] 1#1: built by gcc 10.2.1 20210110 (Debian 10.2.1-6) 
2021/12/05 06:48:26 [notice] 1#1: OS: Linux 5.13.0-22-generic
2021/12/05 06:48:26 [notice] 1#1: getrlimit(RLIMIT_NOFILE): 1048576:1048576
2021/12/05 06:48:26 [notice] 1#1: start worker processes
2021/12/05 06:48:26 [notice] 1#1: start worker process 30
2021/12/05 06:48:26 [notice] 1#1: start worker process 31
2021/12/05 06:48:26 [notice] 1#1: start worker process 32
2021/12/05 06:48:26 [notice] 1#1: start worker process 33
2021/12/05 06:48:26 [notice] 1#1: start worker process 34
2021/12/05 06:48:26 [notice] 1#1: start worker process 35
2021/12/05 06:48:26 [notice] 1#1: start worker process 36
2021/12/05 06:48:26 [notice] 1#1: start worker process 37
2021/12/05 06:52:52 [notice] 1#1: signal 3 (SIGQUIT) received, shutting down
2021/12/05 06:52:52 [notice] 30#30: gracefully shutting down
2021/12/05 06:52:52 [notice] 32#32: gracefully shutting down
2021/12/05 06:52:52 [notice] 30#30: exiting
2021/12/05 06:52:52 [notice] 31#31: gracefully shutting down
2021/12/05 06:52:52 [notice] 32#32: exiting
2021/12/05 06:52:52 [notice] 33#33: gracefully shutting down
2021/12/05 06:52:52 [notice] 31#31: exiting
2021/12/05 06:52:52 [notice] 30#30: exit
2021/12/05 06:52:52 [notice] 35#35: gracefully shutting down
2021/12/05 06:52:52 [notice] 36#36: gracefully shutting down
2021/12/05 06:52:52 [notice] 37#37: gracefully shutting down
2021/12/05 06:52:52 [notice] 35#35: exiting
2021/12/05 06:52:52 [notice] 34#34: gracefully shutting down
2021/12/05 06:52:52 [notice] 37#37: exiting
2021/12/05 06:52:52 [notice] 33#33: exiting
2021/12/05 06:52:52 [notice] 34#34: exiting
2021/12/05 06:52:52 [notice] 32#32: exit
2021/12/05 06:52:52 [notice] 31#31: exit
2021/12/05 06:52:52 [notice] 34#34: exit
2021/12/05 06:52:52 [notice] 36#36: exiting
2021/12/05 06:52:52 [notice] 33#33: exit
2021/12/05 06:52:52 [notice] 37#37: exit
2021/12/05 06:52:52 [notice] 35#35: exit
2021/12/05 06:52:52 [notice] 36#36: exit
2021/12/05 06:52:53 [notice] 1#1: signal 17 (SIGCHLD) received from 37
2021/12/05 06:52:53 [notice] 1#1: worker process 32 exited with code 0
2021/12/05 06:52:53 [notice] 1#1: worker process 33 exited with code 0
2021/12/05 06:52:53 [notice] 1#1: worker process 35 exited with code 0
2021/12/05 06:52:53 [notice] 1#1: worker process 37 exited with code 0
2021/12/05 06:52:53 [notice] 1#1: signal 29 (SIGIO) received
2021/12/05 06:52:53 [notice] 1#1: signal 17 (SIGCHLD) received from 32
2021/12/05 06:52:53 [notice] 1#1: signal 17 (SIGCHLD) received from 30
2021/12/05 06:52:53 [notice] 1#1: worker process 30 exited with code 0
2021/12/05 06:52:53 [notice] 1#1: signal 29 (SIGIO) received
2021/12/05 06:52:53 [notice] 1#1: signal 17 (SIGCHLD) received from 34
2021/12/05 06:52:53 [notice] 1#1: worker process 34 exited with code 0
2021/12/05 06:52:53 [notice] 1#1: worker process 36 exited with code 0
2021/12/05 06:52:53 [notice] 1#1: signal 29 (SIGIO) received
2021/12/05 06:52:53 [notice] 1#1: signal 17 (SIGCHLD) received from 36
2021/12/05 06:52:53 [notice] 1#1: signal 17 (SIGCHLD) received from 31
2021/12/05 06:52:53 [notice] 1#1: worker process 31 exited with code 0
2021/12/05 06:52:53 [notice] 1#1: exit
2021/12/05 07:27:55 [notice] 1#1: using the "epoll" event method
2021/12/05 07:27:55 [notice] 1#1: nginx/1.21.4
2021/12/05 07:27:55 [notice] 1#1: built by gcc 10.2.1 20210110 (Debian 10.2.1-6) 
2021/12/05 07:27:55 [notice] 1#1: OS: Linux 5.13.0-22-generic
2021/12/05 07:27:55 [notice] 1#1: getrlimit(RLIMIT_NOFILE): 1048576:1048576
2021/12/05 07:27:55 [notice] 1#1: start worker processes
2021/12/05 07:27:55 [notice] 1#1: start worker process 30
2021/12/05 07:27:55 [notice] 1#1: start worker process 31
2021/12/05 07:27:55 [notice] 1#1: start worker process 32
2021/12/05 07:27:55 [notice] 1#1: start worker process 33
2021/12/05 07:27:55 [notice] 1#1: start worker process 34
2021/12/05 07:27:55 [notice] 1#1: start worker process 35
2021/12/05 07:27:55 [notice] 1#1: start worker process 36
2021/12/05 07:27:55 [notice] 1#1: start worker process 37
2021/12/05 07:32:48 [notice] 1#1: signal 3 (SIGQUIT) received, shutting down
2021/12/05 07:32:48 [notice] 32#32: gracefully shutting down
2021/12/05 07:32:48 [notice] 33#33: gracefully shutting down
2021/12/05 07:32:48 [notice] 34#34: gracefully shutting down
2021/12/05 07:32:48 [notice] 35#35: gracefully shutting down
2021/12/05 07:32:48 [notice] 36#36: gracefully shutting down
2021/12/05 07:32:48 [notice] 31#31: gracefully shutting down
2021/12/05 07:32:48 [notice] 32#32: exiting
2021/12/05 07:32:48 [notice] 33#33: exiting
2021/12/05 07:32:48 [notice] 34#34: exiting
2021/12/05 07:32:48 [notice] 35#35: exiting
2021/12/05 07:32:48 [notice] 36#36: exiting
2021/12/05 07:32:48 [notice] 31#31: exiting
2021/12/05 07:32:48 [notice] 34#34: exit
2021/12/05 07:32:48 [notice] 35#35: exit
2021/12/05 07:32:48 [notice] 32#32: exit
2021/12/05 07:32:48 [notice] 33#33: exit
2021/12/05 07:32:48 [notice] 36#36: exit
2021/12/05 07:32:48 [notice] 31#31: exit
2021/12/05 07:32:48 [notice] 30#30: gracefully shutting down
2021/12/05 07:32:48 [notice] 37#37: gracefully shutting down
2021/12/05 07:32:48 [notice] 30#30: exiting
2021/12/05 07:32:48 [notice] 37#37: exiting
2021/12/05 07:32:48 [notice] 30#30: exit
2021/12/05 07:32:48 [notice] 37#37: exit
2021/12/05 07:32:48 [notice] 1#1: signal 17 (SIGCHLD) received from 36
2021/12/05 07:32:48 [notice] 1#1: worker process 33 exited with code 0
2021/12/05 07:32:48 [notice] 1#1: worker process 34 exited with code 0
2021/12/05 07:32:48 [notice] 1#1: worker process 36 exited with code 0
2021/12/05 07:32:48 [notice] 1#1: signal 29 (SIGIO) received
2021/12/05 07:32:48 [notice] 1#1: signal 17 (SIGCHLD) received from 33
2021/12/05 07:32:48 [notice] 1#1: signal 17 (SIGCHLD) received from 35
2021/12/05 07:32:48 [notice] 1#1: worker process 30 exited with code 0
2021/12/05 07:32:48 [notice] 1#1: worker process 31 exited with code 0
2021/12/05 07:32:48 [notice] 1#1: worker process 35 exited with code 0
2021/12/05 07:32:48 [notice] 1#1: signal 29 (SIGIO) received
2021/12/05 07:32:48 [notice] 1#1: signal 17 (SIGCHLD) received from 31
2021/12/05 07:32:48 [notice] 1#1: signal 17 (SIGCHLD) received from 32
2021/12/05 07:32:48 [notice] 1#1: worker process 32 exited with code 0
2021/12/05 07:32:48 [notice] 1#1: signal 29 (SIGIO) received
2021/12/05 07:32:48 [notice] 1#1: signal 17 (SIGCHLD) received from 37
2021/12/05 07:32:48 [notice] 1#1: worker process 37 exited with code 0
2021/12/05 07:32:48 [notice] 1#1: exit
2021/12/05 07:34:19 [notice] 1#1: using the "epoll" event method
2021/12/05 07:34:19 [notice] 1#1: nginx/1.21.4
2021/12/05 07:34:19 [notice] 1#1: built by gcc 10.2.1 20210110 (Debian 10.2.1-6) 
2021/12/05 07:34:19 [notice] 1#1: OS: Linux 5.13.0-22-generic
2021/12/05 07:34:19 [notice] 1#1: getrlimit(RLIMIT_NOFILE): 1048576:1048576
2021/12/05 07:34:19 [notice] 1#1: start worker processes
2021/12/05 07:34:19 [notice] 1#1: start worker process 30
2021/12/05 07:34:19 [notice] 1#1: start worker process 31
2021/12/05 07:34:19 [notice] 1#1: start worker process 32
2021/12/05 07:34:19 [notice] 1#1: start worker process 33
2021/12/05 07:34:19 [notice] 1#1: start worker process 34
2021/12/05 07:34:19 [notice] 1#1: start worker process 35
2021/12/05 07:34:19 [notice] 1#1: start worker process 36
2021/12/05 07:34:19 [notice] 1#1: start worker process 37
2021/12/05 07:37:53 [notice] 1#1: signal 3 (SIGQUIT) received, shutting down
2021/12/05 07:37:53 [notice] 31#31: gracefully shutting down
2021/12/05 07:37:53 [notice] 31#31: exiting
2021/12/05 07:37:53 [notice] 30#30: gracefully shutting down
2021/12/05 07:37:53 [notice] 33#33: gracefully shutting down
2021/12/05 07:37:53 [notice] 32#32: gracefully shutting down
2021/12/05 07:37:53 [notice] 34#34: gracefully shutting down
2021/12/05 07:37:53 [notice] 30#30: exiting
2021/12/05 07:37:53 [notice] 31#31: exit
2021/12/05 07:37:53 [notice] 33#33: exiting
2021/12/05 07:37:53 [notice] 32#32: exiting
2021/12/05 07:37:53 [notice] 34#34: exiting
2021/12/05 07:37:53 [notice] 30#30: exit
2021/12/05 07:37:53 [notice] 33#33: exit
2021/12/05 07:37:53 [notice] 32#32: exit
2021/12/05 07:37:53 [notice] 34#34: exit
2021/12/05 07:37:53 [notice] 35#35: gracefully shutting down
2021/12/05 07:37:53 [notice] 35#35: exiting
2021/12/05 07:37:53 [notice] 36#36: gracefully shutting down
2021/12/05 07:37:53 [notice] 36#36: exiting
2021/12/05 07:37:53 [notice] 35#35: exit
2021/12/05 07:37:53 [notice] 36#36: exit
2021/12/05 07:37:53 [notice] 37#37: gracefully shutting down
2021/12/05 07:37:53 [notice] 37#37: exiting
2021/12/05 07:37:53 [notice] 37#37: exit
2021/12/05 07:37:53 [notice] 1#1: signal 17 (SIGCHLD) received from 31
2021/12/05 07:37:53 [notice] 1#1: worker process 30 exited with code 0
2021/12/05 07:37:53 [notice] 1#1: worker process 31 exited with code 0
2021/12/05 07:37:53 [notice] 1#1: worker process 32 exited with code 0
2021/12/05 07:37:53 [notice] 1#1: worker process 33 exited with code 0
2021/12/05 07:37:53 [notice] 1#1: worker process 34 exited with code 0
2021/12/05 07:37:53 [notice] 1#1: worker process 36 exited with code 0
2021/12/05 07:37:53 [notice] 1#1: worker process 37 exited with code 0
2021/12/05 07:37:53 [notice] 1#1: signal 29 (SIGIO) received
2021/12/05 07:37:53 [notice] 1#1: signal 17 (SIGCHLD) received from 32
2021/12/05 07:37:53 [notice] 1#1: signal 17 (SIGCHLD) received from 35
2021/12/05 07:37:53 [notice] 1#1: worker process 35 exited with code 0
2021/12/05 07:37:53 [notice] 1#1: exit
2021/12/05 07:38:10 [notice] 1#1: using the "epoll" event method
2021/12/05 07:38:10 [notice] 1#1: nginx/1.21.4
2021/12/05 07:38:10 [notice] 1#1: built by gcc 10.2.1 20210110 (Debian 10.2.1-6) 
2021/12/05 07:38:10 [notice] 1#1: OS: Linux 5.13.0-22-generic
2021/12/05 07:38:10 [notice] 1#1: getrlimit(RLIMIT_NOFILE): 1048576:1048576
2021/12/05 07:38:10 [notice] 1#1: start worker processes
2021/12/05 07:38:10 [notice] 1#1: start worker process 30
2021/12/05 07:38:10 [notice] 1#1: start worker process 31
2021/12/05 07:38:10 [notice] 1#1: start worker process 32
2021/12/05 07:38:10 [notice] 1#1: start worker process 33
2021/12/05 07:38:10 [notice] 1#1: start worker process 34
2021/12/05 07:38:10 [notice] 1#1: start worker process 35
2021/12/05 07:38:10 [notice] 1#1: start worker process 36
2021/12/05 07:38:10 [notice] 1#1: start worker process 37
2021/12/05 08:48:44 [notice] 1#1: signal 3 (SIGQUIT) received, shutting down
2021/12/05 08:48:44 [notice] 34#34: gracefully shutting down
2021/12/05 08:48:44 [notice] 35#35: gracefully shutting down
2021/12/05 08:48:44 [notice] 37#37: gracefully shutting down
2021/12/05 08:48:44 [notice] 30#30: gracefully shutting down
2021/12/05 08:48:44 [notice] 34#34: exiting
2021/12/05 08:48:44 [notice] 35#35: exiting
2021/12/05 08:48:44 [notice] 37#37: exiting
2021/12/05 08:48:44 [notice] 30#30: exiting
2021/12/05 08:48:44 [notice] 37#37: exit
2021/12/05 08:48:44 [notice] 35#35: exit
2021/12/05 08:48:44 [notice] 30#30: exit
2021/12/05 08:48:44 [notice] 36#36: gracefully shutting down
2021/12/05 08:48:44 [notice] 33#33: gracefully shutting down
2021/12/05 08:48:44 [notice] 34#34: exit
2021/12/05 08:48:44 [notice] 31#31: gracefully shutting down
2021/12/05 08:48:44 [notice] 36#36: exiting
2021/12/05 08:48:44 [notice] 33#33: exiting
2021/12/05 08:48:44 [notice] 31#31: exiting
2021/12/05 08:48:44 [notice] 36#36: exit
2021/12/05 08:48:44 [notice] 33#33: exit
2021/12/05 08:48:44 [notice] 31#31: exit
2021/12/05 08:48:44 [notice] 32#32: gracefully shutting down
2021/12/05 08:48:44 [notice] 32#32: exiting
2021/12/05 08:48:44 [notice] 32#32: exit
2021/12/05 08:48:44 [notice] 1#1: signal 17 (SIGCHLD) received from 34
2021/12/05 08:48:44 [notice] 1#1: worker process 32 exited with code 0
2021/12/05 08:48:44 [notice] 1#1: worker process 33 exited with code 0
2021/12/05 08:48:44 [notice] 1#1: worker process 34 exited with code 0
2021/12/05 08:48:44 [notice] 1#1: worker process 36 exited with code 0
2021/12/05 08:48:44 [notice] 1#1: signal 29 (SIGIO) received
2021/12/05 08:48:44 [notice] 1#1: signal 17 (SIGCHLD) received from 32
2021/12/05 08:48:44 [notice] 1#1: signal 17 (SIGCHLD) received from 30
2021/12/05 08:48:44 [notice] 1#1: worker process 30 exited with code 0
2021/12/05 08:48:44 [notice] 1#1: worker process 37 exited with code 0
2021/12/05 08:48:44 [notice] 1#1: signal 29 (SIGIO) received
2021/12/05 08:48:44 [notice] 1#1: signal 17 (SIGCHLD) received from 37
2021/12/05 08:48:44 [notice] 1#1: worker process 35 exited with code 0
2021/12/05 08:48:44 [notice] 1#1: signal 29 (SIGIO) received
2021/12/05 08:48:44 [notice] 1#1: signal 17 (SIGCHLD) received from 31
2021/12/05 08:48:44 [notice] 1#1: worker process 31 exited with code 0
2021/12/05 08:48:44 [notice] 1#1: exit
